13:41:03.428 [main] DEBUG com.intuit.karate.Suite - [config] classpath:karate-config.js
13:41:04.442 [main] INFO  com.intuit.karate - karate.env system property was: null 
13:41:04.723 [main] DEBUG com.intuit.karate - request:
1 > GET http://localhost:3100/api/inventory
1 > Host: localhost:3100
1 > Connection: Keep-Alive
1 > User-Agent: Apache-HttpClient/4.5.14 (Java/19.0.2)
1 > Accept-Encoding: gzip,deflate


13:41:04.765 [main] DEBUG com.intuit.karate - response time in milliseconds: 39
1 < 200
1 < X-Powered-By: Express
1 < Content-Type: application/json; charset=utf-8
1 < Content-Length: 1113
1 < ETag: W/"459-k6rxSubx6mZFN7lWdfi8XnsWEQE"
1 < Date: Wed, 29 Jan 2025 08:11:04 GMT
1 < Connection: keep-alive
1 < Keep-Alive: timeout=5
{"data":[{"id":"1","name":"Classic Muzzarella","image":"classic.png","price":"$8"},{"id":"2","name":"Crispy Bacon","image":"bacon.png","price":"$9"},{"id":"3","name":"Baked Rolls x 8","image":"roll.png","price":"$10"},{"id":"4","name":"Garlic Mix","image":"garlicmix.png","price":"$9"},{"id":"5","name":"Margarita","image":"margarita.png","price":"$9"},{"id":"6","name":"Veggie","image":"veggie.png","price":"$8"},{"id":"7","name":"Super Pepperoni","image":"extrapeperoni.png","price":"$10"},{"id":"8","name":"Evergreen Cream","image":"evergreen.png","price":"$9"},{"id":"9","name":"Muzzarella BBQ","image":"bbqcheese.png","price":"$9"},{"id":"10","name":"Hawaiian","image":"hawaiian.png","price":"$14"},{"id":"101","name":"Hawaiian","image":"hawaiian.png","price":"$14"},{"id":"102","name":"Hawaiian","image":"hawaiian.png","price":"$14"},{"id":"103","name":"Hawaiian","image":"hawaiian.png","price":"$14"},{"id":"105","name":"Hawaiian","image":"hawaiian.png","price":"$14"},{"id":"106","name":"Hawaiian","image":"hawaiian.png","price":"$14"},{"id":"107","name":"Hawaiian","image":"hawaiian.png","price":"$14"}]}

13:41:04.797 [main] INFO  com.intuit.karate - [print] {
  "data": [
    {
      "id": "1",
      "name": "Classic Muzzarella",
      "image": "classic.png",
      "price": "$8"
    },
    {
      "id": "2",
      "name": "Crispy Bacon",
      "image": "bacon.png",
      "price": "$9"
    },
    {
      "id": "3",
      "name": "Baked Rolls x 8",
      "image": "roll.png",
      "price": "$10"
    },
    {
      "id": "4",
      "name": "Garlic Mix",
      "image": "garlicmix.png",
      "price": "$9"
    },
    {
      "id": "5",
      "name": "Margarita",
      "image": "margarita.png",
      "price": "$9"
    },
    {
      "id": "6",
      "name": "Veggie",
      "image": "veggie.png",
      "price": "$8"
    },
    {
      "id": "7",
      "name": "Super Pepperoni",
      "image": "extrapeperoni.png",
      "price": "$10"
    },
    {
      "id": "8",
      "name": "Evergreen Cream",
      "image": "evergreen.png",
      "price": "$9"
    },
    {
      "id": "9",
      "name": "Muzzarella BBQ",
      "image": "bbqcheese.png",
      "price": "$9"
    },
    {
      "id": "10",
      "name": "Hawaiian",
      "image": "hawaiian.png",
      "price": "$14"
    },
    {
      "id": "101",
      "name": "Hawaiian",
      "image": "hawaiian.png",
      "price": "$14"
    },
    {
      "id": "102",
      "name": "Hawaiian",
      "image": "hawaiian.png",
      "price": "$14"
    },
    {
      "id": "103",
      "name": "Hawaiian",
      "image": "hawaiian.png",
      "price": "$14"
    },
    {
      "id": "105",
      "name": "Hawaiian",
      "image": "hawaiian.png",
      "price": "$14"
    },
    {
      "id": "106",
      "name": "Hawaiian",
      "image": "hawaiian.png",
      "price": "$14"
    },
    {
      "id": "107",
      "name": "Hawaiian",
      "image": "hawaiian.png",
      "price": "$14"
    }
  ]
}
 
13:41:04.859 [main] INFO  com.intuit.karate - karate.env system property was: null 
13:41:04.865 [main] DEBUG com.intuit.karate - request:
1 > GET http://localhost:3100/api/inventory/filter?id=3
1 > Host: localhost:3100
1 > Connection: Keep-Alive
1 > User-Agent: Apache-HttpClient/4.5.14 (Java/19.0.2)
1 > Accept-Encoding: gzip,deflate


13:41:04.874 [main] DEBUG com.intuit.karate - response time in milliseconds: 9
1 < 200
1 < X-Powered-By: Express
1 < Content-Type: application/json; charset=utf-8
1 < Content-Length: 68
1 < ETag: W/"44-vJ0RBTNCd/juNFNVN25r22XAjZQ"
1 < Date: Wed, 29 Jan 2025 08:11:04 GMT
1 < Connection: keep-alive
1 < Keep-Alive: timeout=5
{"id":"3","name":"Baked Rolls x 8","image":"roll.png","price":"$10"}

13:41:04.884 [main] INFO  com.intuit.karate - [print] {
  "id": "3",
  "name": "Baked Rolls x 8",
  "image": "roll.png",
  "price": "$10"
}
 
13:41:04.886 [main] INFO  com.intuit.karate - [print] File content === {
  "id": "3",
  "name": "Baked Rolls x 8",
  "image": "roll.png",
  "price": "$10"
}
 
13:41:04.894 [main] INFO  com.intuit.karate - karate.env system property was: null 
13:41:04.942 [main] DEBUG com.intuit.karate - request:
1 > POST http://localhost:3100/api/inventory/add
1 > Accept: application/json
1 > Content-Type: application/json; charset=UTF-8
1 > Content-Length: 67
1 > Host: localhost:3100
1 > Connection: Keep-Alive
1 > User-Agent: Apache-HttpClient/4.5.14 (Java/19.0.2)
1 > Accept-Encoding: gzip,deflate
{"id":"107","name":"Hawaiian","image":"hawaiian.png","price":"$14"}

13:41:04.950 [main] DEBUG com.intuit.karate - response time in milliseconds: 7
1 < 400
1 < X-Powered-By: Express
1 < Content-Type: text/plain; charset=utf-8
1 < Content-Length: 11
1 < ETag: W/"b-EFiDB1U+dmqzx9Mo2UjcZ1SJPO8"
1 < Date: Wed, 29 Jan 2025 08:11:04 GMT
1 < Connection: keep-alive
1 < Keep-Alive: timeout=5
Bad Request

13:41:04.956 [main] ERROR com.intuit.karate - classpath:com/api/automation/getrequest/getRequest.feature:33
And status 200
status code was: 400, expected: 200, response time in milliseconds: 7, url: http://localhost:3100/api/inventory/add, response: 
Bad Request
classpath:com/api/automation/getrequest/getRequest.feature:33
13:41:04.970 [main] INFO  com.intuit.karate - karate.env system property was: null 
13:41:04.974 [main] DEBUG com.intuit.karate - request:
1 > POST http://localhost:3100/api/inventory/add
1 > Accept: application/json
1 > Content-Type: application/json; charset=UTF-8
1 > Content-Length: 66
1 > Host: localhost:3100
1 > Connection: Keep-Alive
1 > User-Agent: Apache-HttpClient/4.5.14 (Java/19.0.2)
1 > Accept-Encoding: gzip,deflate
{"id":"10","name":"Hawaiian","image":"hawaiian.png","price":"$14"}

13:41:04.983 [main] DEBUG com.intuit.karate - response time in milliseconds: 9
1 < 400
1 < X-Powered-By: Express
1 < Content-Type: text/plain; charset=utf-8
1 < Content-Length: 11
1 < ETag: W/"b-EFiDB1U+dmqzx9Mo2UjcZ1SJPO8"
1 < Date: Wed, 29 Jan 2025 08:11:04 GMT
1 < Connection: keep-alive
1 < Keep-Alive: timeout=5
Bad Request

13:41:04.985 [main] INFO  com.intuit.karate - [print] ============= 
13:41:04.986 [main] INFO  com.intuit.karate - [print] Bad Request 
13:41:04.992 [main] INFO  com.intuit.karate - karate.env system property was: null 
13:41:04.996 [main] DEBUG com.intuit.karate - request:
1 > POST http://localhost:3100/api/inventory/add
1 > Accept: application/json
1 > Content-Type: application/json; charset=UTF-8
1 > Content-Length: 56
1 > Host: localhost:3100
1 > Connection: Keep-Alive
1 > User-Agent: Apache-HttpClient/4.5.14 (Java/19.0.2)
1 > Accept-Encoding: gzip,deflate
{"name":"Hawaiian","image":"hawaiian.png","price":"$14"}

13:41:05.007 [main] DEBUG com.intuit.karate - response time in milliseconds: 10
1 < 400
1 < X-Powered-By: Express
1 < Content-Type: text/html; charset=utf-8
1 < Content-Length: 28
1 < ETag: W/"1c-k7jAXLdqgoyddFLKVx/smZcPhI0"
1 < Date: Wed, 29 Jan 2025 08:11:05 GMT
1 < Connection: keep-alive
1 < Keep-Alive: timeout=5
Not all requirements are met

13:41:05.010 [main] INFO  com.intuit.karate - [print] ============= 
13:41:05.010 [main] INFO  com.intuit.karate - [print] Not all requirements are met 
13:41:05.017 [main] INFO  com.intuit.karate - karate.env system property was: null 
13:41:05.020 [main] DEBUG com.intuit.karate - request:
1 > GET http://localhost:3100/api/inventory
1 > Host: localhost:3100
1 > Connection: Keep-Alive
1 > User-Agent: Apache-HttpClient/4.5.14 (Java/19.0.2)
1 > Accept-Encoding: gzip,deflate


13:41:05.029 [main] DEBUG com.intuit.karate - response time in milliseconds: 9
1 < 200
1 < X-Powered-By: Express
1 < Content-Type: application/json; charset=utf-8
1 < Content-Length: 1113
1 < ETag: W/"459-k6rxSubx6mZFN7lWdfi8XnsWEQE"
1 < Date: Wed, 29 Jan 2025 08:11:05 GMT
1 < Connection: keep-alive
1 < Keep-Alive: timeout=5
{"data":[{"id":"1","name":"Classic Muzzarella","image":"classic.png","price":"$8"},{"id":"2","name":"Crispy Bacon","image":"bacon.png","price":"$9"},{"id":"3","name":"Baked Rolls x 8","image":"roll.png","price":"$10"},{"id":"4","name":"Garlic Mix","image":"garlicmix.png","price":"$9"},{"id":"5","name":"Margarita","image":"margarita.png","price":"$9"},{"id":"6","name":"Veggie","image":"veggie.png","price":"$8"},{"id":"7","name":"Super Pepperoni","image":"extrapeperoni.png","price":"$10"},{"id":"8","name":"Evergreen Cream","image":"evergreen.png","price":"$9"},{"id":"9","name":"Muzzarella BBQ","image":"bbqcheese.png","price":"$9"},{"id":"10","name":"Hawaiian","image":"hawaiian.png","price":"$14"},{"id":"101","name":"Hawaiian","image":"hawaiian.png","price":"$14"},{"id":"102","name":"Hawaiian","image":"hawaiian.png","price":"$14"},{"id":"103","name":"Hawaiian","image":"hawaiian.png","price":"$14"},{"id":"105","name":"Hawaiian","image":"hawaiian.png","price":"$14"},{"id":"106","name":"Hawaiian","image":"hawaiian.png","price":"$14"},{"id":"107","name":"Hawaiian","image":"hawaiian.png","price":"$14"}]}

13:41:05.035 [main] INFO  com.intuit.karate - [print] the value of ID is------------- 107 Hawaiian hawaiian.png $14 
13:41:05.050 [main] INFO  com.intuit.karate - [print] [
  {
    "id": "103",
    "name": "Hawaiian",
    "image": "hawaiian.png",
    "price": "$14"
  }
]
 
